<?xml version="1.0" encoding="UTF-8"?>
<testsuite name="com.study.httpstudy.HttpStudyApplicationTests" tests="1" skipped="0" failures="0" errors="0" timestamp="2022-05-30T23:58:06" hostname="DESKTOP-GDM342P" time="0.286">
  <properties/>
  <testcase name="contextLoads()" classname="com.study.httpstudy.HttpStudyApplicationTests" time="0.286"/>
  <system-out><![CDATA[08:58:04.596 [Test worker] DEBUG org.springframework.test.context.BootstrapUtils - Instantiating CacheAwareContextLoaderDelegate from class [org.springframework.test.context.cache.DefaultCacheAwareContextLoaderDelegate]
08:58:04.605 [Test worker] DEBUG org.springframework.test.context.BootstrapUtils - Instantiating BootstrapContext using constructor [public org.springframework.test.context.support.DefaultBootstrapContext(java.lang.Class,org.springframework.test.context.CacheAwareContextLoaderDelegate)]
08:58:04.631 [Test worker] DEBUG org.springframework.test.context.BootstrapUtils - Instantiating TestContextBootstrapper for test class [com.study.httpstudy.HttpStudyApplicationTests] from class [org.springframework.boot.test.context.SpringBootTestContextBootstrapper]
08:58:04.640 [Test worker] INFO org.springframework.boot.test.context.SpringBootTestContextBootstrapper - Neither @ContextConfiguration nor @ContextHierarchy found for test class [com.study.httpstudy.HttpStudyApplicationTests], using SpringBootContextLoader
08:58:04.643 [Test worker] DEBUG org.springframework.test.context.support.AbstractContextLoader - Did not detect default resource location for test class [com.study.httpstudy.HttpStudyApplicationTests]: class path resource [com/study/httpstudy/HttpStudyApplicationTests-context.xml] does not exist
08:58:04.644 [Test worker] DEBUG org.springframework.test.context.support.AbstractContextLoader - Did not detect default resource location for test class [com.study.httpstudy.HttpStudyApplicationTests]: class path resource [com/study/httpstudy/HttpStudyApplicationTestsContext.groovy] does not exist
08:58:04.644 [Test worker] INFO org.springframework.test.context.support.AbstractContextLoader - Could not detect default resource locations for test class [com.study.httpstudy.HttpStudyApplicationTests]: no resource found for suffixes {-context.xml, Context.groovy}.
08:58:04.644 [Test worker] INFO org.springframework.test.context.support.AnnotationConfigContextLoaderUtils - Could not detect default configuration classes for test class [com.study.httpstudy.HttpStudyApplicationTests]: HttpStudyApplicationTests does not declare any static, non-private, non-final, nested classes annotated with @Configuration.
08:58:04.675 [Test worker] DEBUG org.springframework.test.context.support.ActiveProfilesUtils - Could not find an 'annotation declaring class' for annotation type [org.springframework.test.context.ActiveProfiles] and class [com.study.httpstudy.HttpStudyApplicationTests]
08:58:04.722 [Test worker] DEBUG org.springframework.context.annotation.ClassPathScanningCandidateComponentProvider - Identified candidate component class: file [D:\http-study\build\classes\java\main\com\study\httpstudy\HttpStudyApplication.class]
08:58:04.723 [Test worker] INFO org.springframework.boot.test.context.SpringBootTestContextBootstrapper - Found @SpringBootConfiguration com.study.httpstudy.HttpStudyApplication for test class com.study.httpstudy.HttpStudyApplicationTests
08:58:04.810 [Test worker] DEBUG org.springframework.boot.test.context.SpringBootTestContextBootstrapper - @TestExecutionListeners is not present for class [com.study.httpstudy.HttpStudyApplicationTests]: using defaults.
08:58:04.811 [Test worker] INFO org.springframework.boot.test.context.SpringBootTestContextBootstrapper - Loaded default TestExecutionListener class names from location [META-INF/spring.factories]: [org.springframework.boot.test.autoconfigure.restdocs.RestDocsTestExecutionListener, org.springframework.boot.test.autoconfigure.web.client.MockRestServiceServerResetTestExecutionListener, org.springframework.boot.test.autoconfigure.web.servlet.MockMvcPrintOnlyOnFailureTestExecutionListener, org.springframework.boot.test.autoconfigure.web.servlet.WebDriverTestExecutionListener, org.springframework.boot.test.autoconfigure.webservices.client.MockWebServiceServerTestExecutionListener, org.springframework.boot.test.mock.mockito.MockitoTestExecutionListener, org.springframework.boot.test.mock.mockito.ResetMocksTestExecutionListener, org.springframework.test.context.web.ServletTestExecutionListener, org.springframework.test.context.support.DirtiesContextBeforeModesTestExecutionListener, org.springframework.test.context.event.ApplicationEventsTestExecutionListener, org.springframework.test.context.support.DependencyInjectionTestExecutionListener, org.springframework.test.context.support.DirtiesContextTestExecutionListener, org.springframework.test.context.transaction.TransactionalTestExecutionListener, org.springframework.test.context.jdbc.SqlScriptsTestExecutionListener, org.springframework.test.context.event.EventPublishingTestExecutionListener]
08:58:04.820 [Test worker] DEBUG org.springframework.boot.test.context.SpringBootTestContextBootstrapper - Skipping candidate TestExecutionListener [org.springframework.test.context.transaction.TransactionalTestExecutionListener] due to a missing dependency. Specify custom listener classes or make the default listener classes and their required dependencies available. Offending class: [org/springframework/transaction/interceptor/TransactionAttributeSource]
08:58:04.820 [Test worker] DEBUG org.springframework.boot.test.context.SpringBootTestContextBootstrapper - Skipping candidate TestExecutionListener [org.springframework.test.context.jdbc.SqlScriptsTestExecutionListener] due to a missing dependency. Specify custom listener classes or make the default listener classes and their required dependencies available. Offending class: [org/springframework/transaction/interceptor/TransactionAttribute]
08:58:04.821 [Test worker] INFO org.springframework.boot.test.context.SpringBootTestContextBootstrapper - Using TestExecutionListeners: [org.springframework.test.context.web.ServletTestExecutionListener@3b1bb3ab, org.springframework.test.context.support.DirtiesContextBeforeModesTestExecutionListener@5a4bef8, org.springframework.test.context.event.ApplicationEventsTestExecutionListener@40bffbca, org.springframework.boot.test.mock.mockito.MockitoTestExecutionListener@2449cff7, org.springframework.boot.test.autoconfigure.SpringBootDependencyInjectionTestExecutionListener@42a9a63e, org.springframework.test.context.support.DirtiesContextTestExecutionListener@62da83ed, org.springframework.test.context.event.EventPublishingTestExecutionListener@5d8445d7, org.springframework.boot.test.autoconfigure.restdocs.RestDocsTestExecutionListener@37d80fe7, org.springframework.boot.test.autoconfigure.web.client.MockRestServiceServerResetTestExecutionListener@384fc774, org.springframework.boot.test.autoconfigure.web.servlet.MockMvcPrintOnlyOnFailureTestExecutionListener@e3cee7b, org.springframework.boot.test.autoconfigure.web.servlet.WebDriverTestExecutionListener@71e9a896, org.springframework.boot.test.autoconfigure.webservices.client.MockWebServiceServerTestExecutionListener@6b9267b, org.springframework.boot.test.mock.mockito.ResetMocksTestExecutionListener@408b35bf]
08:58:04.823 [Test worker] DEBUG org.springframework.test.context.support.AbstractDirtiesContextTestExecutionListener - Before test class: context [DefaultTestContext@73393584 testClass = HttpStudyApplicationTests, testInstance = [null], testMethod = [null], testException = [null], mergedContextConfiguration = [WebMergedContextConfiguration@31500940 testClass = HttpStudyApplicationTests, locations = '{}', classes = '{class com.study.httpstudy.HttpStudyApplication}', contextInitializerClasses = '[]', activeProfiles = '{}', propertySourceLocations = '{}', propertySourceProperties = '{org.springframework.boot.test.context.SpringBootTestContextBootstrapper=true}', contextCustomizers = set[org.springframework.boot.test.autoconfigure.actuate.metrics.MetricsExportContextCustomizerFactory$DisableMetricExportContextCustomizer@13f17eb4, org.springframework.boot.test.autoconfigure.properties.PropertyMappingContextCustomizer@0, org.springframework.boot.test.autoconfigure.web.servlet.WebDriverContextCustomizerFactory$Customizer@698122b2, org.springframework.boot.test.context.filter.ExcludeFilterContextCustomizer@c1bd0be, org.springframework.boot.test.json.DuplicateJsonObjectContextCustomizerFactory$DuplicateJsonObjectContextCustomizer@4b3a45f1, org.springframework.boot.test.mock.mockito.MockitoContextCustomizer@0, org.springframework.boot.test.web.client.TestRestTemplateContextCustomizer@3fa2213, org.springframework.boot.test.context.SpringBootTestArgs@1, org.springframework.boot.test.context.SpringBootTestWebEnvironment@1a5b6f42], resourceBasePath = 'src/main/webapp', contextLoader = 'org.springframework.boot.test.context.SpringBootContextLoader', parent = [null]], attributes = map['org.springframework.test.context.web.ServletTestExecutionListener.activateListener' -> true]], class annotated with @DirtiesContext [false] with mode [null].

  .   ____          _            __ _ _
 /\\ / ___'_ __ _ _(_)_ __  __ _ \ \ \ \
( ( )\___ | '_ | '_| | '_ \/ _` | \ \ \ \
 \\/  ___)| |_)| | | | | || (_| |  ) ) ) )
  '  |____| .__|_| |_|_| |_\__, | / / / /
 =========|_|==============|___/=/_/_/_/
 :: Spring Boot ::                (v2.7.0)

2022-05-31 08:58:05.089  INFO 22868 --- [    Test worker] c.s.httpstudy.HttpStudyApplicationTests  : Starting HttpStudyApplicationTests using Java 11.0.15 on DESKTOP-GDM342P with PID 22868 (started by 이원용 in D:\http-study)
2022-05-31 08:58:05.090  INFO 22868 --- [    Test worker] c.s.httpstudy.HttpStudyApplicationTests  : No active profile set, falling back to 1 default profile: "default"
2022-05-31 08:58:06.279  INFO 22868 --- [    Test worker] c.s.httpstudy.HttpStudyApplicationTests  : Started HttpStudyApplicationTests in 1.428 seconds (JVM running for 3.09)
]]></system-out>
  <system-err><![CDATA[]]></system-err>
</testsuite>
